# JRE version: OpenJDK Runtime Environment (17.0.9) (build 17.0.9+0-17.0.9b1087.7-11185874)
# Java VM: OpenJDK 64-Bit Server VM (17.0.9+0-17.0.9b1087.7-11185874, mixed mode, tiered, compressed oops, compressed class ptrs, g1 gc, linux-amd64)
GC Precious Log:
 CPUs: 4 total, 4 available
 Memory: 7843M
 Large Page Support: Disabled
 NUMA Support: Disabled
 Compressed Oops: Enabled (32-bit)
 Heap Region Size: 1M
 Heap Min Capacity: 8M
 Heap Initial Capacity: 124M
 Heap Max Capacity: 2G
 Pre-touch: Disabled
 Parallel Workers: 4
 Concurrent Workers: 1
 Concurrent Refinement Workers: 4
 Periodic GC: Disabled
Heap:
 garbage-first heap   total 419840K, used 343952K [0x0000000080000000, 0x0000000100000000)
  region size 1024K, 176 young (180224K), 9 survivors (9216K)
 Metaspace       used 175106K, committed 176192K, reserved 1245184K
  class space    used 23645K, committed 24128K, reserved 1048576K
GC Heap History (20 events):
Event: 22.869 GC heap after
{Heap after GC invocations=26 (full 0):
 garbage-first heap   total 165888K, used 68048K [0x0000000080000000, 0x0000000100000000)
  region size 1024K, 1 young (1024K), 1 survivors (1024K)
 Metaspace       used 85136K, committed 85824K, reserved 1179648K
  class space    used 11818K, committed 12160K, reserved 1048576K
}
Event: 25.304 GC heap before
{Heap before GC invocations=26 (full 0):
 garbage-first heap   total 165888K, used 134608K [0x0000000080000000, 0x0000000100000000)
  region size 1024K, 66 young (67584K), 1 survivors (1024K)
 Metaspace       used 90279K, committed 90944K, reserved 1179648K
  class space    used 12619K, committed 12928K, reserved 1048576K
}
Event: 25.338 GC heap after
{Heap after GC invocations=27 (full 0):
 garbage-first heap   total 165888K, used 70472K [0x0000000080000000, 0x0000000100000000)
  region size 1024K, 4 young (4096K), 4 survivors (4096K)
 Metaspace       used 90279K, committed 90944K, reserved 1179648K
  class space    used 12619K, committed 12928K, reserved 1048576K
}
Event: 27.474 GC heap before
{Heap before GC invocations=27 (full 0):
 garbage-first heap   total 165888K, used 139080K [0x0000000080000000, 0x0000000100000000)
  region size 1024K, 67 young (68608K), 4 survivors (4096K)
 Metaspace       used 95779K, committed 96448K, reserved 1179648K
  class space    used 13218K, committed 13568K, reserved 1048576K
}
Event: 27.520 GC heap after
{Heap after GC invocations=28 (full 0):
 garbage-first heap   total 444416K, used 76609K [0x0000000080000000, 0x0000000100000000)
  region size 1024K, 9 young (9216K), 9 survivors (9216K)
 Metaspace       used 95779K, committed 96448K, reserved 1179648K
  class space    used 13218K, committed 13568K, reserved 1048576K
}
Event: 33.296 GC heap before
{Heap before GC invocations=28 (full 0):
 garbage-first heap   total 444416K, used 332609K [0x0000000080000000, 0x0000000100000000)
  region size 1024K, 260 young (266240K), 9 survivors (9216K)
 Metaspace       used 100523K, committed 101312K, reserved 1179648K
  class space    used 13877K, committed 14272K, reserved 1048576K
}
Event: 33.431 GC heap after
{Heap after GC invocations=29 (full 0):
 garbage-first heap   total 444416K, used 94753K [0x0000000080000000, 0x0000000100000000)
  region size 1024K, 27 young (27648K), 27 survivors (27648K)
 Metaspace       used 100523K, committed 101312K, reserved 1179648K
  class space    used 13877K, committed 14272K, reserved 1048576K
}
Event: 40.510 GC heap before
{Heap before GC invocations=29 (full 0):
 garbage-first heap   total 444416K, used 340513K [0x0000000080000000, 0x0000000100000000)
  region size 1024K, 260 young (266240K), 27 survivors (27648K)
 Metaspace       used 120183K, committed 120960K, reserved 1179648K
  class space    used 16474K, committed 16832K, reserved 1048576K
}
Event: 40.600 GC heap after
{Heap after GC invocations=30 (full 0):
 garbage-first heap   total 444416K, used 108944K [0x0000000080000000, 0x0000000100000000)
  region size 1024K, 14 young (14336K), 14 survivors (14336K)
 Metaspace       used 120183K, committed 120960K, reserved 1179648K
  class space    used 16474K, committed 16832K, reserved 1048576K
}
Event: 44.138 GC heap before
{Heap before GC invocations=30 (full 0):
 garbage-first heap   total 444416K, used 384400K [0x0000000080000000, 0x0000000100000000)
  region size 1024K, 249 young (254976K), 14 survivors (14336K)
 Metaspace       used 132605K, committed 133440K, reserved 1179648K
  class space    used 18286K, committed 18688K, reserved 1048576K
}
Event: 44.184 GC heap after
{Heap after GC invocations=31 (full 0):
 garbage-first heap   total 444416K, used 113040K [0x0000000080000000, 0x0000000100000000)
  region size 1024K, 15 young (15360K), 15 survivors (15360K)
 Metaspace       used 132605K, committed 133440K, reserved 1179648K
  class space    used 18286K, committed 18688K, reserved 1048576K
}
Event: 44.508 GC heap before
{Heap before GC invocations=31 (full 0):
 garbage-first heap   total 444416K, used 132496K [0x0000000080000000, 0x0000000100000000)
  region size 1024K, 36 young (36864K), 15 survivors (15360K)
 Metaspace       used 134513K, committed 135360K, reserved 1179648K
  class space    used 18460K, committed 18880K, reserved 1048576K
}
Event: 44.550 GC heap after
{Heap after GC invocations=32 (full 0):
 garbage-first heap   total 444416K, used 113040K [0x0000000080000000, 0x0000000100000000)
  region size 1024K, 15 young (15360K), 15 survivors (15360K)
 Metaspace       used 134513K, committed 135360K, reserved 1179648K
  class space    used 18460K, committed 18880K, reserved 1048576K
}
Event: 521.996 GC heap before
{Heap before GC invocations=33 (full 0):
 garbage-first heap   total 419840K, used 374160K [0x0000000080000000, 0x0000000100000000)
  region size 1024K, 246 young (251904K), 15 survivors (15360K)
 Metaspace       used 138057K, committed 138880K, reserved 1179648K
  class space    used 18673K, committed 19072K, reserved 1048576K
}
Event: 522.020 GC heap after
{Heap after GC invocations=34 (full 0):
 garbage-first heap   total 419840K, used 116624K [0x0000000080000000, 0x0000000100000000)
  region size 1024K, 17 young (17408K), 17 survivors (17408K)
 Metaspace       used 138057K, committed 138880K, reserved 1179648K
  class space    used 18673K, committed 19072K, reserved 1048576K
}
Event: 632.001 GC heap before
{Heap before GC invocations=34 (full 0):
 garbage-first heap   total 419840K, used 119696K [0x0000000080000000, 0x0000000100000000)
  region size 1024K, 20 young (20480K), 17 survivors (17408K)
 Metaspace       used 138071K, committed 138944K, reserved 1179648K
  class space    used 18673K, committed 19072K, reserved 1048576K
}
Event: 632.068 GC heap after
{Heap after GC invocations=35 (full 0):
 garbage-first heap   total 419840K, used 113103K [0x0000000080000000, 0x0000000100000000)
  region size 1024K, 2 young (2048K), 2 survivors (2048K)
 Metaspace       used 138071K, committed 138944K, reserved 1179648K
  class space    used 18673K, committed 19072K, reserved 1048576K
}
Event: 960.230 GC heap before
{Heap before GC invocations=35 (full 0):
 garbage-first heap   total 419840K, used 381391K [0x0000000080000000, 0x0000000100000000)
  region size 1024K, 233 young (238592K), 2 survivors (2048K)
 Metaspace       used 156046K, committed 157184K, reserved 1245184K
  class space    used 21411K, committed 21888K, reserved 1048576K
}
Event: 960.288 GC heap after
{Heap after GC invocations=36 (full 0):
 garbage-first heap   total 419840K, used 165776K [0x0000000080000000, 0x0000000100000000)
  region size 1024K, 30 young (30720K), 30 survivors (30720K)
 Metaspace       used 156046K, committed 157184K, reserved 1245184K
  class space    used 21411K, committed 21888K, reserved 1048576K
}
Event: 962.855 GC heap before
{Heap before GC invocations=37 (full 0):
 garbage-first heap   total 419840K, used 343952K [0x0000000080000000, 0x0000000100000000)
  region size 1024K, 197 young (201728K), 30 survivors (30720K)
 Metaspace       used 175106K, committed 176192K, reserved 1245184K
  class space    used 23645K, committed 24128K, reserved 1048576K
}

