# JRE version: OpenJDK Runtime Environment (17.0.9) (build 17.0.9+0-17.0.9b1087.7-11185874)
# Java VM: OpenJDK 64-Bit Server VM (17.0.9+0-17.0.9b1087.7-11185874, mixed mode, tiered, compressed oops, compressed class ptrs, g1 gc, linux-amd64)
GC Precious Log:
 CPUs: 4 total, 4 available
 Memory: 7843M
 Large Page Support: Disabled
 NUMA Support: Disabled
 Compressed Oops: Enabled (32-bit)
 Heap Region Size: 1M
 Heap Min Capacity: 8M
 Heap Initial Capacity: 124M
 Heap Max Capacity: 2G
 Pre-touch: Disabled
 Parallel Workers: 4
 Concurrent Workers: 1
 Concurrent Refinement Workers: 4
 Periodic GC: Disabled
Heap:
 garbage-first heap   total 192512K, used 100192K [0x0000000080000000, 0x0000000100000000)
  region size 1024K, 25 young (25600K), 11 survivors (11264K)
 Metaspace       used 103786K, committed 104512K, reserved 1179648K
  class space    used 14284K, committed 14656K, reserved 1048576K
GC Heap History (20 events):
Event: 11.646 GC heap before
{Heap before GC invocations=19 (full 0):
 garbage-first heap   total 133120K, used 102389K [0x0000000080000000, 0x0000000100000000)
  region size 1024K, 59 young (60416K), 10 survivors (10240K)
 Metaspace       used 68320K, committed 68864K, reserved 1114112K
  class space    used 9304K, committed 9536K, reserved 1048576K
}
Event: 11.660 GC heap after
{Heap after GC invocations=20 (full 0):
 garbage-first heap   total 133120K, used 54899K [0x0000000080000000, 0x0000000100000000)
  region size 1024K, 3 young (3072K), 3 survivors (3072K)
 Metaspace       used 68320K, committed 68864K, reserved 1114112K
  class space    used 9304K, committed 9536K, reserved 1048576K
}
Event: 12.528 GC heap before
{Heap before GC invocations=20 (full 0):
 garbage-first heap   total 133120K, used 104051K [0x0000000080000000, 0x0000000100000000)
  region size 1024K, 51 young (52224K), 3 survivors (3072K)
 Metaspace       used 73620K, committed 74176K, reserved 1114112K
  class space    used 9979K, committed 10240K, reserved 1048576K
}
Event: 12.536 GC heap after
{Heap after GC invocations=21 (full 0):
 garbage-first heap   total 133120K, used 56124K [0x0000000080000000, 0x0000000100000000)
  region size 1024K, 4 young (4096K), 4 survivors (4096K)
 Metaspace       used 73620K, committed 74176K, reserved 1114112K
  class space    used 9979K, committed 10240K, reserved 1048576K
}
Event: 13.410 GC heap before
{Heap before GC invocations=21 (full 0):
 garbage-first heap   total 133120K, used 112444K [0x0000000080000000, 0x0000000100000000)
  region size 1024K, 53 young (54272K), 4 survivors (4096K)
 Metaspace       used 76351K, committed 76928K, reserved 1179648K
  class space    used 10351K, committed 10624K, reserved 1048576K
}
Event: 13.423 GC heap after
{Heap after GC invocations=22 (full 0):
 garbage-first heap   total 133120K, used 61047K [0x0000000080000000, 0x0000000100000000)
  region size 1024K, 7 young (7168K), 7 survivors (7168K)
 Metaspace       used 76351K, committed 76928K, reserved 1179648K
  class space    used 10351K, committed 10624K, reserved 1048576K
}
Event: 14.161 GC heap before
{Heap before GC invocations=22 (full 0):
 garbage-first heap   total 133120K, used 105079K [0x0000000080000000, 0x0000000100000000)
  region size 1024K, 50 young (51200K), 7 survivors (7168K)
 Metaspace       used 80588K, committed 81280K, reserved 1179648K
  class space    used 10939K, committed 11264K, reserved 1048576K
}
Event: 14.176 GC heap after
{Heap after GC invocations=23 (full 0):
 garbage-first heap   total 133120K, used 63148K [0x0000000080000000, 0x0000000100000000)
  region size 1024K, 6 young (6144K), 6 survivors (6144K)
 Metaspace       used 80588K, committed 81280K, reserved 1179648K
  class space    used 10939K, committed 11264K, reserved 1048576K
}
Event: 14.737 GC heap before
{Heap before GC invocations=23 (full 0):
 garbage-first heap   total 133120K, used 107180K [0x0000000080000000, 0x0000000100000000)
  region size 1024K, 49 young (50176K), 6 survivors (6144K)
 Metaspace       used 83522K, committed 84160K, reserved 1179648K
  class space    used 11311K, committed 11584K, reserved 1048576K
}
Event: 14.755 GC heap after
{Heap after GC invocations=24 (full 0):
 garbage-first heap   total 159744K, used 67166K [0x0000000080000000, 0x0000000100000000)
  region size 1024K, 6 young (6144K), 6 survivors (6144K)
 Metaspace       used 83522K, committed 84160K, reserved 1179648K
  class space    used 11311K, committed 11584K, reserved 1048576K
}
Event: 15.705 GC heap before
{Heap before GC invocations=24 (full 0):
 garbage-first heap   total 159744K, used 128606K [0x0000000080000000, 0x0000000100000000)
  region size 1024K, 65 young (66560K), 6 survivors (6144K)
 Metaspace       used 87739K, committed 88320K, reserved 1179648K
  class space    used 12061K, committed 12352K, reserved 1048576K
}
Event: 15.721 GC heap after
{Heap after GC invocations=25 (full 0):
 garbage-first heap   total 159744K, used 69153K [0x0000000080000000, 0x0000000100000000)
  region size 1024K, 6 young (6144K), 6 survivors (6144K)
 Metaspace       used 87739K, committed 88320K, reserved 1179648K
  class space    used 12061K, committed 12352K, reserved 1048576K
}
Event: 16.835 GC heap before
{Heap before GC invocations=25 (full 0):
 garbage-first heap   total 159744K, used 130593K [0x0000000080000000, 0x0000000100000000)
  region size 1024K, 66 young (67584K), 6 survivors (6144K)
 Metaspace       used 92537K, committed 93248K, reserved 1179648K
  class space    used 12780K, committed 13120K, reserved 1048576K
}
Event: 16.855 GC heap after
{Heap after GC invocations=26 (full 0):
 garbage-first heap   total 159744K, used 72392K [0x0000000080000000, 0x0000000100000000)
  region size 1024K, 6 young (6144K), 6 survivors (6144K)
 Metaspace       used 92537K, committed 93248K, reserved 1179648K
  class space    used 12780K, committed 13120K, reserved 1048576K
}
Event: 18.151 GC heap before
{Heap before GC invocations=26 (full 0):
 garbage-first heap   total 159744K, used 130760K [0x0000000080000000, 0x0000000100000000)
  region size 1024K, 63 young (64512K), 6 survivors (6144K)
 Metaspace       used 96778K, committed 97472K, reserved 1179648K
  class space    used 13447K, committed 13760K, reserved 1048576K
}
Event: 18.198 GC heap after
{Heap after GC invocations=27 (full 0):
 garbage-first heap   total 159744K, used 74902K [0x0000000080000000, 0x0000000100000000)
  region size 1024K, 6 young (6144K), 6 survivors (6144K)
 Metaspace       used 96778K, committed 97472K, reserved 1179648K
  class space    used 13447K, committed 13760K, reserved 1048576K
}
Event: 19.089 GC heap before
{Heap before GC invocations=27 (full 0):
 garbage-first heap   total 159744K, used 125078K [0x0000000080000000, 0x0000000100000000)
  region size 1024K, 55 young (56320K), 6 survivors (6144K)
 Metaspace       used 100646K, committed 101376K, reserved 1179648K
  class space    used 13890K, committed 14272K, reserved 1048576K
}
Event: 19.126 GC heap after
{Heap after GC invocations=28 (full 0):
 garbage-first heap   total 192512K, used 82661K [0x0000000080000000, 0x0000000100000000)
  region size 1024K, 8 young (8192K), 8 survivors (8192K)
 Metaspace       used 100646K, committed 101376K, reserved 1179648K
  class space    used 13890K, committed 14272K, reserved 1048576K
}
Event: 20.858 GC heap before
{Heap before GC invocations=28 (full 0):
 garbage-first heap   total 192512K, used 159461K [0x0000000080000000, 0x0000000100000000)
  region size 1024K, 81 young (82944K), 8 survivors (8192K)
 Metaspace       used 103410K, committed 104192K, reserved 1179648K
  class space    used 14206K, committed 14592K, reserved 1048576K
}
Event: 20.903 GC heap after
{Heap after GC invocations=29 (full 0):
 garbage-first heap   total 192512K, used 86880K [0x0000000080000000, 0x0000000100000000)
  region size 1024K, 11 young (11264K), 11 survivors (11264K)
 Metaspace       used 103410K, committed 104192K, reserved 1179648K
  class space    used 14206K, committed 14592K, reserved 1048576K
}

